Scenario - EEGetMouvementSimple
Logfile written - 05/07/2021 12:18:13

Subject	Trial	Event Type	Code	Time	TTime	Uncertainty	Duration	Uncertainty	ReqTime	ReqDur	Stim Type	Pair Index

MOLAL	1	Response	1	16696	16463	0
MOLAL	2	Response	2	30202	13141	0
MOLAL	3	Response	14	4853773	4823216	0
MOLAL	12	Response	14	4927760	7647	0
MOLAL	13	Response	14	4948847	20447	0
MOLAL	27	Response	14	5057433	1823	0
MOLAL	28	Response	14	5085787	21927	0
MOLAL	39	Response	14	5173778	5870	0
MOLAL	40	Response	14	5191823	15664	0
MOLAL	54	Response	14	5299077	570	0
MOLAL	55	Response	14	5319864	13079	0
MOLAL	56	Response	14	5455127	134912	0
MOLAL	56	Response	14	5547809	227594	0
MOLAL	56	Response	14	5651320	331105	0
MOLAL	57	Response	14	5731540	79927	0
MOLAL	61	Response	10	5759152	4902	0
MOLAL	63	Response	12	5800449	32870	0
MOLAL	65	Response	11	5837287	28554	0
MOLAL	67	Response	10	5869493	23771	0
MOLAL	69	Response	10	5905774	27896	0
MOLAL	71	Response	10	5925452	11417	0
MOLAL	73	Response	10	5954268	20406	0
MOLAL	75	Response	10	5973337	10651	0
MOLAL	77	Response	10	6016155	34308	0
MOLAL	79	Response	10	6057592	32925	0
MOLAL	81	Response	1	6318941	240957	0
MOLAL	85	Response	10	6350828	9257	0
MOLAL	87	Response	10	6378053	18821	0
MOLAL	89	Response	10	6402025	15468	0
MOLAL	91	Response	10	6418871	8321	0
MOLAL	93	Response	11	6436429	9051	0
MOLAL	95	Response	12	6476021	31149	0
MOLAL	97	Response	10	6491540	7013	0
MOLAL	99	Response	10	6506722	6700	0
MOLAL	101	Response	10	6522645	7627	0
MOLAL	103	Response	6	6591099	48589	0
MOLAL	107	Response	11	6618549	5728	0
MOLAL	109	Response	10	6635592	8774	0
MOLAL	111	Response	10	6659310	15332	0
MOLAL	113	Response	10	6677055	9250	0
MOLAL	115	Response	10	6690010	4544	0
MOLAL	117	Response	12	6714589	16127	0
MOLAL	119	Response	12	6747344	24389	0
MOLAL	121	Response	1	6816828	49220	0
MOLAL	125	Response	10	6846545	7792	0
MOLAL	127	Response	10	6862401	7487	0
MOLAL	129	Response	10	6877208	6299	0
MOLAL	131	Response	10	6901608	15870	0
MOLAL	133	Response	10	6921184	11119	0
MOLAL	135	Response	10	6957654	28096	0
MOLAL	137	Response	10	6971834	5787	0
MOLAL	139	Response	10	6987449	7240	0
MOLAL	141	Response	10	7004684	8979	0
MOLAL	143	Response	5	7061371	36674	0
MOLAL	144	Response	14	7241510	179825	0
MOLAL	145	Response	14	7277576	35779	0
MOLAL	149	Response	10	7304860	5248	0
MOLAL	151	Response	12	7330884	17775	0
MOLAL	153	Response	11	7342829	3562	0
MOLAL	155	Response	11	7379107	27844	0
MOLAL	157	Response	11	7413927	26508	0
MOLAL	159	Response	10	7433728	11320	0
MOLAL	161	Response	10	7445665	3429	0
MOLAL	163	Response	10	7457600	3534	0
MOLAL	165	Response	10	7495420	29358	0
MOLAL	167	Response	11	7508271	4554	0
MOLAL	169	Response	1	7578289	49746	0
MOLAL	173	Response	12	7642837	42816	0
MOLAL	175	Response	10	7654784	3445	0
MOLAL	177	Response	10	7666345	3343	0
MOLAL	179	Response	12	7684562	9730	0
MOLAL	181	Response	10	7696703	3711	0
MOLAL	183	Response	10	7708967	3811	0
MOLAL	185	Response	11	7721311	3993	0
MOLAL	187	Response	10	7733361	3546	0
MOLAL	189	Response	11	7765304	23493	0
MOLAL	191	Response	1	7862291	76660	0
MOLAL	195	Response	10	7895445	11343	0
MOLAL	197	Response	10	7914117	10189	0
MOLAL	199	Response	10	7927287	4697	0
MOLAL	201	Response	10	7944741	8989	0
MOLAL	203	Response	10	7959233	5986	0
MOLAL	205	Response	10	7971372	3629	0
MOLAL	207	Response	10	7984183	4444	0
MOLAL	209	Response	10	7998371	5969	0
MOLAL	211	Response	10	8044521	37623	0
MOLAL	213	Response	11	8056154	3104	0
MOLAL	215	Response	6	8116646	40103	0
MOLAL	219	Response	10	8144749	6225	0
MOLAL	221	Response	10	8173537	20350	0
MOLAL	223	Response	10	8186056	4045	0
MOLAL	225	Response	10	8202077	7570	0
MOLAL	227	Response	11	8217705	7202	0
MOLAL	229	Response	11	8229745	3748	0
MOLAL	231	Response	10	8280426	42433	0
MOLAL	233	Response	10	8318019	29207	0
MOLAL	235	Response	10	8335782	9481	0
MOLAL	237	Response	9	8380024	24233	0
MOLAL	241	Response	10	8438037	36260	0
MOLAL	243	Response	10	8457440	11009	0
MOLAL	245	Response	12	8496915	30990	0
MOLAL	247	Response	10	8520288	14875	0
MOLAL	249	Response	10	8557579	28840	0
MOLAL	251	Response	10	8574446	8552	0
MOLAL	253	Response	12	8591628	8739	0
MOLAL	255	Response	1	8617231	5351	0
MOLAL	259	Response	10	8651262	12057	0
MOLAL	261	Response	10	8681603	21904	0
MOLAL	263	Response	10	8698505	8482	0
MOLAL	265	Response	10	8727616	20598	0
MOLAL	267	Response	10	8742929	6920	0
MOLAL	269	Response	12	8758253	6915	0
MOLAL	271	Response	10	8769586	2920	0
MOLAL	273	Response	10	8781744	3748	0
MOLAL	275	Response	10	8801811	11818	0
MOLAL	277	Response	7	8843249	21433	0
MOLAL	281	Response	12	8903907	38938	0
MOLAL	283	Response	11	8916969	4680	0
MOLAL	285	Response	12	8938604	13319	0
MOLAL	287	Response	11	8950465	3354	0
MOLAL	289	Response	12	8965472	6698	0
MOLAL	291	Response	11	8985894	12124	0
MOLAL	293	Response	10	8995750	1486	0
MOLAL	295	Response	10	9007286	3192	0
MOLAL	297	Response	10	9018726	3136	0
MOLAL	299	Response	10	9033128	6041	0
MOLAL	301	Response	4	9062820	9741	0
MOLAL	305	Response	10	9099459	14889	0
MOLAL	307	Response	10	9124894	16998	0
MOLAL	309	Response	10	9137248	3860	0
MOLAL	311	Response	10	9155660	9942	0
MOLAL	313	Response	10	9166484	2606	0
MOLAL	315	Response	10	9178440	3564	0
MOLAL	317	Response	10	9189783	2912	0
MOLAL	319	Response	10	9202279	4077	0
MOLAL	321	Response	7	9247402	25208	0
MOLAL	325	Response	11	9272454	3274	0
MOLAL	327	Response	11	9299979	19303	0
MOLAL	329	Response	11	9319798	11297	0
MOLAL	331	Response	12	9345228	17066	0
MOLAL	333	Response	10	9356888	3234	0
MOLAL	335	Response	10	9367306	1988	0
MOLAL	337	Response	10	9382318	6504	0
MOLAL	339	Response	10	9394874	4064	0
MOLAL	341	Response	10	9406759	3453	0
MOLAL	343	Response	4	9431876	5244	0
MOLAL	347	Response	12	9492017	38226	0
MOLAL	349	Response	10	9509525	9248	0
MOLAL	351	Response	10	9520871	3100	0
MOLAL	353	Response	12	9536596	7329	0
MOLAL	355	Response	10	9548644	3548	0
MOLAL	357	Response	10	9561527	4434	0
MOLAL	359	Response	10	9583798	14043	0
MOLAL	361	Response	10	9595746	3664	0
MOLAL	363	Response	10	9609475	5396	0
MOLAL	365	Response	10	9621951	4044	0
MOLAL	367	Response	3	9645710	3810	0
MOLAL	371	Response	12	9701915	34356	0
MOLAL	373	Response	11	9728863	18484	0
MOLAL	375	Response	10	9740302	2931	0
MOLAL	377	Response	10	9752556	3855	0
MOLAL	379	Response	11	9763282	2418	0
MOLAL	381	Response	11	9775167	3473	0
MOLAL	383	Response	12	9808092	24402	0
MOLAL	385	Response	1	9835129	6620	0
MOLAL	389	Response	12	9874790	17788	0
MOLAL	391	Response	10	9898402	15242	0
MOLAL	393	Response	10	9909394	2742	0
MOLAL	395	Response	11	9918592	776	0
MOLAL	397	Response	10	9928402	1422	0
MOLAL	399	Response	11	9944538	7728	0
MOLAL	401	Response	11	9956185	3213	0
MOLAL	403	Response	11	9976309	11841	0
MOLAL	405	Response	12	10003400	18604	0
MOLAL	407	Response	1	10062575	38792	0
MOLAL	411	Response	12	10109393	24794	0
MOLAL	413	Response	10	10121300	3544	0
MOLAL	415	Response	10	10132842	3090	0
MOLAL	417	Response	10	10142651	1403	0
MOLAL	419	Response	10	10158395	7317	0
MOLAL	421	Response	12	10169953	3046	0
MOLAL	423	Response	11	10181097	2694	0
MOLAL	425	Response	12	10201952	12385	0
MOLAL	427	Response	11	10213453	3060	0
MOLAL	429	Response	11	10225711	3821	0
MOLAL	431	Response	1	10257560	11510	0
MOLAL	435	Response	11	10314866	35327	0
MOLAL	437	Response	11	10333144	9785	0
MOLAL	439	Response	10	10344278	2924	0
MOLAL	441	Response	11	10360646	7963	0
MOLAL	443	Response	10	10376995	8150	0
MOLAL	445	Response	11	10388433	2926	0
MOLAL	447	Response	11	10407744	10907	0
MOLAL	449	Response	11	10444981	28816	0
MOLAL	451	Response	2	10482557	17074	0
MOLAL	455	Response	11	10542817	38346	0
MOLAL	457	Response	10	10555184	3894	0
MOLAL	459	Response	10	10564995	1542	0
MOLAL	461	Response	11	10578686	5236	0
MOLAL	463	Response	10	10599347	12401	0
MOLAL	465	Response	10	10610400	2627	0
MOLAL	467	Response	10	10622606	3837	0
MOLAL	469	Response	10	10635383	4284	0
MOLAL	471	Response	10	10653263	9501	0
MOLAL	473	Response	7	10682871	9618	0
MOLAL	477	Response	10	10756404	51661	0
MOLAL	479	Response	12	10789627	24736	0
MOLAL	481	Response	12	10803736	5688	0
MOLAL	483	Response	10	10814260	2216	0
MOLAL	485	Response	10	10823919	1378	0
MOLAL	487	Response	12	10843936	11564	0
MOLAL	489	Response	10	10859481	7116	0
MOLAL	491	Response	6	10909353	29996	0
MOLAL	495	Response	11	10935202	3861	0
MOLAL	497	Response	11	10957170	13499	0
MOLAL	499	Response	11	10969938	4274	0
MOLAL	501	Response	12	10994363	16036	0
MOLAL	503	Response	12	11006418	3765	0
MOLAL	505	Response	12	11018411	3762	0
MOLAL	507	Response	10	11029791	3146	0
MOLAL	509	Response	11	11046847	8705	0
MOLAL	511	Response	1	11069730	2597	0
MOLAL	515	Response	10	11105629	14003	0
MOLAL	517	Response	12	11146044	32092	0
MOLAL	519	Response	12	11159950	5510	0
MOLAL	521	Response	10	11169557	1121	0
MOLAL	523	Response	12	11191735	13803	0
MOLAL	525	Response	10	11207770	7511	0
MOLAL	527	Response	12	11223816	7562	0
MOLAL	529	Response	10	11241861	9611	0
MOLAL	531	Response	10	11259426	9182	0
MOLAL	533	Response	10	11278643	10905	0
MOLAL	535	Response	7	11334766	36204	0
MOLAL	539	Response	12	11382514	25969	0
MOLAL	541	Response	12	11405120	14085	0
MOLAL	543	Response	10	11416564	3036	0
MOLAL	545	Response	11	11426683	1659	0
MOLAL	547	Response	10	11441245	6057	0
MOLAL	549	Response	10	11451567	1884	0
MOLAL	551	Response	10	11462196	2183	0
MOLAL	553	Response	10	11474047	3370	0
MOLAL	555	Response	7	11514188	20185	0
MOLAL	559	Response	11	11540747	4590	0
MOLAL	561	Response	12	11560986	11832	0
MOLAL	563	Response	11	11572745	3265	0
MOLAL	565	Response	12	11591038	9895	0
MOLAL	567	Response	10	11602177	2705	0
MOLAL	569	Response	12	11620572	9938	0
MOLAL	571	Response	12	11664062	35100	0
MOLAL	573	Response	12	11709751	37302	0
MOLAL	575	Response	12	11722253	3985	0
MOLAL	577	Response	11	11734307	3543	0
MOLAL	579	Response	1	11794642	39885	0
MOLAL	583	Response	10	11819610	3038	0
MOLAL	585	Response	10	11886416	58347	0
MOLAL	587	Response	10	11897870	3155	0
MOLAL	589	Response	11	11911464	5087	0
MOLAL	591	Response	10	11933440	13566	0
MOLAL	593	Response	11	11943051	1184	0
MOLAL	595	Response	10	11954029	2498	0
MOLAL	597	Response	11	11967127	4599	0
MOLAL	599	Response	11	11984911	9388	0
MOLAL	601	Response	3	12015691	10343	0
MOLAL	605	Response	10	12064741	27070	0
MOLAL	607	Response	12	12088368	15207	0
MOLAL	609	Response	10	12099712	2892	0
MOLAL	611	Response	10	12109833	1683	0
MOLAL	613	Response	10	12124855	6542	0
MOLAL	615	Response	12	12143772	10463	0
MOLAL	617	Response	11	12156495	4192	0
MOLAL	619	Response	10	12167628	2662	0
MOLAL	621	Response	10	12179296	3167	0
MOLAL	623	Response	11	12190535	2909	0
MOLAL	625	Response	2	12259111	48159	0
MOLAL	629	Response	10	12294704	13607	0
MOLAL	631	Response	10	12323735	20811	0
MOLAL	633	Response	10	12338144	5896	0
MOLAL	635	Response	11	12349689	3279	0
MOLAL	637	Response	12	12381931	24024	0
MOLAL	639	Response	10	12393395	2998	0
MOLAL	641	Response	11	12404431	2704	0
MOLAL	643	Response	11	12414765	2041	0
MOLAL	645	Response	11	12427157	3936	0
MOLAL	647	Response	2	12451554	4008	0
MOLAL	651	Response	11	12504372	30834	0
MOLAL	653	Response	10	12515837	2977	0
MOLAL	655	Response	10	12527586	3230	0
MOLAL	657	Response	10	12539232	3213	0
MOLAL	659	Response	10	12556557	9041	0
MOLAL	661	Response	11	12567807	2796	0
MOLAL	663	Response	12	12579860	3853	0
MOLAL	665	Response	10	12593557	5220	0
MOLAL	667	Response	10	12615732	13732	0
MOLAL	669	Response	10	12629235	5075	0
MOLAL	670	Response	8	12644227	14736	0
MOLAL	671	Response	8	12654652	5500	0
MOLAL	675	Response	10	12679172	2528	0
MOLAL	677	Response	10	12690820	3180	0
MOLAL	679	Response	12	12723740	24437	0
MOLAL	681	Response	11	12734064	1937	0
MOLAL	683	Response	10	12746326	3870	0
MOLAL	685	Response	11	12758384	3598	0
MOLAL	687	Response	11	12769678	3062	0
MOLAL	689	Response	2	12793466	3524	0
MOLAL	693	Response	10	12818336	2901	0
MOLAL	695	Response	10	12831035	4437	0
MOLAL	697	Response	10	12842084	2657	0
MOLAL	699	Response	10	12855465	4875	0
MOLAL	701	Response	12	12878826	14906	0
MOLAL	703	Response	12	12904083	16837	0
MOLAL	705	Response	12	12925957	13552	0
MOLAL	707	Response	11	12936384	1985	0
MOLAL	709	Response	11	12947842	2946	0
MOLAL	711	Response	11	12961114	4888	0
MOLAL	713	Response	4	13009507	27956	0
MOLAL	717	Response	11	13034168	2965	0
MOLAL	719	Response	10	13048592	6060	0
MOLAL	721	Response	10	13061069	4042	0
MOLAL	723	Response	10	13072670	3146	0
MOLAL	725	Response	12	13104159	22972	0
MOLAL	727	Response	11	13128817	16139	0
MOLAL	729	Response	10	13145880	8544	0
MOLAL	731	Response	10	13156206	1874	0
MOLAL	733	Response	10	13168020	3525	0
MOLAL	735	Response	10	13179468	2977	0
MOLAL	736	Response	6	13198665	18841	0
MOLAL	737	Response	6	13209605	10121	0
MOLAL	741	Response	10	13242353	10878	0
MOLAL	743	Response	10	13257585	6783	0
MOLAL	745	Response	12	13283819	18021	0
MOLAL	747	Response	10	13293943	1654	0
MOLAL	749	Response	11	13304475	2189	0
MOLAL	751	Response	11	13314498	1714	0
MOLAL	753	Response	11	13326570	3789	0
MOLAL	755	Response	4	13415606	68666	0
MOLAL	759	Response	10	13440391	2813	0
MOLAL	761	Response	10	13451636	2727	0
MOLAL	763	Response	10	13463718	3646	0
MOLAL	765	Response	12	13481643	9408	0
MOLAL	767	Response	12	13500361	10465	0
MOLAL	769	Response	12	13512218	3327	0
MOLAL	771	Response	12	13530865	10145	0
MOLAL	773	Response	12	13558677	19296	0
MOLAL	775	Response	10	13571259	4053	0
MOLAL	777	Response	7	13612387	21188	0
MOLAL	781	Response	11	13674672	40487	0
MOLAL	783	Response	10	13685765	2594	0
MOLAL	785	Response	10	13695073	906	0
MOLAL	787	Response	10	13706317	2819	0
MOLAL	789	Response	10	13722373	7546	0
MOLAL	791	Response	11	13733729	2907	0
MOLAL	793	Response	10	13743751	1765	0
MOLAL	795	Response	10	13754587	2604	0
MOLAL	797	Response	10	13765933	2953	0
MOLAL	799	Response	10	13781928	7618	0
MOLAL	801	Response	6	13828631	26830	0
MOLAL	805	Response	10	13868749	18130	0
MOLAL	807	Response	11	13879791	2513	0
MOLAL	809	Response	10	13890671	2396	0
MOLAL	811	Response	11	13902355	3250	0
MOLAL	813	Response	11	13913804	3036	0
MOLAL	815	Response	11	13926274	4010	0
MOLAL	817	Response	11	13941607	6846	0
MOLAL	819	Response	1	13975845	13925	0
MOLAL	823	Response	10	14012120	14545	0
MOLAL	825	Response	10	14023579	3011	0
MOLAL	827	Response	10	14035037	2972	0
MOLAL	829	Response	12	14049249	5688	0
MOLAL	831	Response	11	14060698	2974	0
MOLAL	833	Response	12	14079333	10113	0
MOLAL	835	Response	10	14101360	13646	0
MOLAL	837	Response	10	14111075	1201	0
MOLAL	839	Response	10	14121604	2232	0
MOLAL	841	Response	10	14133052	3184	0
MOLAL	843	Response	5	14185677	32650	0
MOLAL	847	Response	12	14235068	27390	0
MOLAL	849	Response	12	14253579	10079	0
MOLAL	851	Response	10	14264008	2013	0
MOLAL	853	Response	12	14276678	4187	0
MOLAL	855	Response	11	14292377	7223	0
MOLAL	857	Response	10	14313532	12716	0
MOLAL	859	Response	11	14323757	1781	0
MOLAL	861	Response	11	14335216	3242	0
MOLAL	863	Response	2	14413991	58525	0
MOLAL	867	Response	10	14448685	12910	0
MOLAL	869	Response	12	14468944	11842	0
MOLAL	871	Response	10	14481631	4369	0
MOLAL	873	Response	10	14494913	4821	1
MOLAL	875	Response	10	14506579	3324	0
MOLAL	877	Response	10	14525095	10010	0
MOLAL	879	Response	10	14536442	2864	0
MOLAL	881	Response	10	14548926	4018	0
MOLAL	883	Response	11	14560473	3068	0
MOLAL	885	Response	11	14571822	2921	0
MOLAL	887	Response	4	14615750	23689	0
MOLAL	891	Response	10	14640110	2563	0
MOLAL	893	Response	10	14652386	3843	0
MOLAL	895	Response	12	14674778	13904	0
MOLAL	897	Response	12	14695846	12646	0
MOLAL	899	Response	12	14708887	4527	0
MOLAL	901	Response	10	14724631	7275	0
MOLAL	903	Response	10	14736182	3331	0
MOLAL	905	Response	10	14749407	4726	0
MOLAL	907	Response	3	14819918	50578	0
MOLAL	911	Response	10	14844389	2737	0
MOLAL	913	Response	10	14855634	2986	0
MOLAL	915	Response	12	14868613	4468	0
MOLAL	917	Response	10	14879245	2104	0
MOLAL	919	Response	10	14888879	1408	0
MOLAL	921	Response	10	14897890	589	0
MOLAL	923	Response	10	14908072	1774	0
MOLAL	925	Response	2	14932897	4938	0
MOLAL	929	Response	12	14962587	7803	0
MOLAL	931	Response	12	14976577	5632	0
MOLAL	933	Response	11	14986499	1558	0
MOLAL	935	Response	12	15003731	8793	0
MOLAL	937	Response	10	15014671	2571	0
MOLAL	939	Response	11	15030422	7326	0
MOLAL	941	Response	11	15041566	2807	0
MOLAL	943	Response	1	15064866	2781	0
MOLAL	947	Response	10	15111576	24833	0
MOLAL	949	Response	11	15137765	17698	0
MOLAL	951	Response	10	15149114	3055	0
MOLAL	953	Response	10	15158627	1072	0
MOLAL	955	Response	10	15168956	1904	0
MOLAL	957	Response	12	15187881	10498	0
MOLAL	959	Response	10	15207365	10988	0
MOLAL	961	Response	10	15218711	2840	0
MOLAL	963	Response	10	15231180	3979	0
MOLAL	965	Response	4	15258770	7576	0
MOLAL	969	Response	12	15307692	27007	0
MOLAL	971	Response	12	15320937	4763	0
MOLAL	973	Response	11	15332183	2846	0
MOLAL	975	Response	10	15342307	1641	0
MOLAL	977	Response	10	15354687	3857	0
MOLAL	979	Response	11	15369726	6567	0
MOLAL	981	Response	11	15384654	6499	0
MOLAL	983	Response	11	15403771	10621	0
MOLAL	985	Response	12	15442313	30168	0
MOLAL	987	Response	1	15465795	2999	0
MOLAL	991	Response	12	15511228	23440	0
MOLAL	993	Response	10	15522017	2572	0
MOLAL	995	Response	10	15533182	2740	0
MOLAL	997	Response	12	15548632	7194	0
MOLAL	999	Response	10	15573903	16969	0
MOLAL	1001	Response	11	15611445	29019	0
MOLAL	1003	Response	10	15622939	3191	0
MOLAL	1005	Response	10	15644314	13069	0
MOLAL	1007	Response	12	15660476	7737	0
MOLAL	1009	Response	1	15733666	52936	0
MOLAL	1010	Response	14	16710768	976888	0
MOLAL	1014	Response	10	16740512	7436	0
MOLAL	1016	Response	12	16767829	19091	0
MOLAL	1018	Response	10	16781017	4787	0
MOLAL	1020	Response	10	16790634	1408	0
MOLAL	1022	Response	10	16801067	2011	0
MOLAL	1024	Response	10	16811499	1946	0
MOLAL	1026	Response	10	16822656	2939	0
MOLAL	1028	Response	10	16837473	6426	0
MOLAL	1030	Response	10	16848782	2907	0
MOLAL	1032	Response	10	16861253	4048	0
MOLAL	1034	Response	6	16902867	21669	0
MOLAL	1038	Response	10	16936070	11219	0
MOLAL	1040	Response	12	16950860	6349	0
MOLAL	1042	Response	11	16960571	1230	0
MOLAL	1044	Response	12	16982574	13570	0
MOLAL	1046	Response	10	16992591	1760	0
MOLAL	1048	Response	11	17005678	4850	0
MOLAL	1050	Response	11	17018674	4517	0
MOLAL	1052	Response	11	17031457	4304	0
MOLAL	1054	Response	10	17043506	3690	0
MOLAL	1056	Response	11	17054248	2436	0
MOLAL	1058	Response	1	17077340	2701	0
MOLAL	1062	Response	12	17146986	47854	0
MOLAL	1064	Response	12	17169180	13732	0
MOLAL	1066	Response	10	17178390	782	0
MOLAL	1068	Response	10	17191079	4474	0
MOLAL	1070	Response	10	17206236	6635	0
MOLAL	1072	Response	11	17216365	1602	0
MOLAL	1074	Response	11	17226188	1428	0
MOLAL	1076	Response	12	17242037	7613	0
MOLAL	1078	Response	11	17273684	23265	0
MOLAL	1080	Response	1	17305570	11498	0
MOLAL	1084	Response	12	17349568	22007	0
MOLAL	1086	Response	10	17361842	3789	0
MOLAL	1088	Response	11	17371257	1041	0
MOLAL	1090	Response	10	17385275	5562	0
MOLAL	1092	Response	10	17395608	1899	0
MOLAL	1094	Response	10	17405126	1087	0
MOLAL	1096	Response	10	17414134	598	0
MOLAL	1098	Response	10	17423948	1415	0
MOLAL	1100	Response	5	17446850	2990	0
MOLAL	1104	Response	10	17484889	16037	0
MOLAL	1106	Response	10	17498293	4948	0
MOLAL	1108	Response	12	17513441	6934	0
MOLAL	1110	Response	11	17523571	1735	0
MOLAL	1112	Response	10	17552891	20891	0
MOLAL	1114	Response	10	17574173	12848	0
MOLAL	1116	Response	10	17584303	1652	0
MOLAL	1118	Response	10	17594944	2129	0
MOLAL	1120	Response	10	17606809	3497	0
MOLAL	1122	Response	10	17621040	5732	0
MOLAL	1124	Response	4	17663934	22967	0
MOLAL	1128	Response	12	17707177	21224	0
MOLAL	1130	Response	10	17759938	44327	0
MOLAL	1132	Response	10	17769867	1440	0
MOLAL	1134	Response	10	17780612	2354	0
MOLAL	1136	Response	10	17793713	4625	0
MOLAL	1138	Response	11	17811720	9636	0
MOLAL	1140	Response	10	17822370	2125	0
MOLAL	1142	Response	10	17831686	944	0
MOLAL	1144	Response	10	17840919	1013	0
MOLAL	1146	Response	11	17866038	16635	0
MOLAL	1148	Response	7	17914112	28053	0
MOLAL	1152	Response	12	17950780	14737	0
MOLAL	1154	Response	11	17985051	25848	0
MOLAL	1156	Response	10	17999385	5859	0
MOLAL	1158	Response	10	18009517	1662	0
MOLAL	1160	Response	12	18020872	2853	0
MOLAL	1162	Response	10	18031943	2595	0
MOLAL	1164	Response	10	18042587	2242	0
MOLAL	1166	Response	10	18051680	672	0
MOLAL	1168	Response	10	18060589	583	0
MOLAL	1170	Response	10	18071273	2270	0
MOLAL	1172	Response	4	18124782	33619	0
MOLAL	1176	Response	12	18171744	25098	0
MOLAL	1178	Response	10	18184122	3986	0
MOLAL	1180	Response	10	18194459	1827	0
MOLAL	1182	Response	11	18213499	10703	0
MOLAL	1184	Response	10	18225500	3710	0
MOLAL	1186	Response	10	18234875	1089	0
MOLAL	1188	Response	10	18246330	3047	0
MOLAL	1190	Response	4	18270104	3827	0
MOLAL	1194	Response	10	18300786	8684	0
MOLAL	1196	Response	10	18312031	2934	0
MOLAL	1198	Response	10	18322862	2435	0
MOLAL	1200	Response	10	18333187	2097	0
MOLAL	1202	Response	12	18348757	7170	0
MOLAL	1204	Response	10	18360991	3742	0
MOLAL	1206	Response	12	18380554	11142	0
MOLAL	1208	Response	11	18389256	350	0
MOLAL	1210	Response	11	18400177	2441	0
MOLAL	1212	Response	11	18409685	1285	0
MOLAL	1214	Response	1	18440700	10807	0
MOLAL	1218	Response	12	18493984	31268	0
MOLAL	1220	Response	10	18505104	2733	0
MOLAL	1222	Response	11	18518262	4727	0
MOLAL	1224	Response	11	18529080	2383	0
MOLAL	1226	Response	11	18540904	3377	0
MOLAL	1228	Response	12	18554554	5364	0
MOLAL	1230	Response	11	18579396	16376	0
MOLAL	1232	Response	12	18605475	17796	0
MOLAL	1234	Response	1	18650349	24348	0
MOLAL	1238	Response	11	18689963	17644	0
MOLAL	1240	Response	10	18704825	6347	0
MOLAL	1242	Response	10	18715040	1733	0
MOLAL	1244	Response	10	18725254	1784	0
MOLAL	1246	Response	10	18737285	3651	0
MOLAL	1248	Response	10	18749114	3317	0
MOLAL	1250	Response	10	18771832	14205	0
MOLAL	1252	Response	7	18816801	25017	0
MOLAL	1256	Response	11	18842632	3863	0
MOLAL	1258	Response	12	18885552	34454	0
MOLAL	1260	Response	10	18894758	839	0
MOLAL	1262	Response	10	18906010	2928	0
MOLAL	1264	Response	12	18917434	3021	0
MOLAL	1266	Response	12	18934536	8627	0
MOLAL	1268	Response	10	18945758	2855	0
MOLAL	1270	Response	12	18964373	10140	0
MOLAL	1272	Response	10	18976460	3565	0
MOLAL	1274	Response	10	18987976	3084	0
MOLAL	1276	Response	6	19038496	30612	0
MOLAL	1280	Response	12	19088938	28570	0
MOLAL	1282	Response	10	19099956	2766	0
MOLAL	1284	Response	12	19121593	13406	0
MOLAL	1286	Response	10	19132513	2500	0
MOLAL	1288	Response	11	19142425	1415	0
MOLAL	1290	Response	10	19151932	1258	0
MOLAL	1292	Response	10	19160431	260	0
MOLAL	1294	Response	10	19171957	3288	0
MOLAL	1296	Response	11	19183544	3212	0
MOLAL	1298	Response	11	19194686	2692	0
MOLAL	1300	Response	5	19221346	6358	0
MOLAL	1304	Response	11	19246575	3262	0
MOLAL	1306	Response	12	19264584	9608	0
MOLAL	1308	Response	10	19274536	1566	0
MOLAL	1310	Response	11	19287978	5011	0
MOLAL	1312	Response	10	19297790	1327	0
MOLAL	1314	Response	10	19307501	1207	0
MOLAL	1316	Response	10	19316505	714	0
MOLAL	1318	Response	10	19325912	1125	0
MOLAL	1320	Response	4	19377411	31630	0
MOLAL	1324	Response	11	19433867	34602	0
MOLAL	1326	Response	12	19457844	15759	0
MOLAL	1328	Response	10	19467152	1074	0
MOLAL	1330	Response	11	19477408	1833	0
MOLAL	1332	Response	10	19486210	304	0
MOLAL	1334	Response	10	19496111	1542	0
MOLAL	1336	Response	10	19504702	136	0
MOLAL	1338	Response	10	19514422	1359	0
MOLAL	1340	Response	10	19525847	2953	0
MOLAL	1342	Response	12	19543864	9640	0
MOLAL	1344	Response	8	19585578	21697	0
MOLAL	1348	Response	12	19642079	34710	0
MOLAL	1350	Response	11	19650973	451	0
MOLAL	1352	Response	10	19665030	5678	0
MOLAL	1354	Response	10	19675439	1924	0
MOLAL	1356	Response	10	19687016	3337	0
MOLAL	1358	Response	10	19708172	12663	0
MOLAL	1360	Response	10	19729205	12537	0
MOLAL	1362	Response	5	19758406	9247	0
MOLAL	1366	Response	12	19826833	46517	0
MOLAL	1368	Response	12	19847865	12566	0
MOLAL	1369	Response	11	19855659	7695	0
MOLAL	1370	Response	11	19860215	3923	0
MOLAL	1372	Response	10	19875078	6622	0
MOLAL	1374	Response	12	19891413	7962	0
MOLAL	1376	Response	10	19901931	2151	0
MOLAL	1378	Response	10	19911742	1465	0
MOLAL	1380	Response	10	19920949	842	0
MOLAL	1382	Response	10	19929854	583	0
MOLAL	1384	Response	10	19941279	3011	0
MOLAL	1386	Response	5	19973731	12470	0
MOLAL	1390	Response	10	20023084	27334	0
MOLAL	1392	Response	11	20032387	814	0
MOLAL	1394	Response	10	20047857	6953	0
MOLAL	1396	Response	12	20060502	4437	0
MOLAL	1398	Response	11	20071938	3043	0
MOLAL	1400	Response	12	20093728	13337	0
MOLAL	1402	Response	11	20105355	3304	0
MOLAL	1404	Response	11	20116892	3011	0
MOLAL	1406	Response	11	20127108	1730	0
MOLAL	1408	Response	1	20202288	54917	0
MOLAL	1412	Response	11	20227098	2917	0
MOLAL	1414	Response	12	20246212	10702	0
MOLAL	1416	Response	10	20256028	1356	0
MOLAL	1418	Response	10	20265035	533	0
MOLAL	1420	Response	12	20276080	2581	0
MOLAL	1422	Response	10	20297383	12887	0
MOLAL	1424	Response	11	20308630	2975	0
MOLAL	1426	Response	1	20353101	24119	0
MOLAL	1430	Response	10	20404690	29722	0
MOLAL	1432	Response	10	20414706	1750	0
MOLAL	1434	Response	10	20424824	1870	0
MOLAL	1436	Response	10	20435042	1759	0
MOLAL	1438	Response	10	20443526	79	0
MOLAL	1440	Response	12	20455883	3938	0
MOLAL	1442	Response	11	20464277	3	0
MOLAL	1444	Response	11	20473377	605	0
MOLAL	1446	Response	4	20517506	23740	0
MOLAL	1450	Response	10	20540905	1653	0
MOLAL	1452	Response	12	20564365	15117	0
MOLAL	1453	Response	10	20571668	7256	0
MOLAL	1454	Response	10	20576531	3790	0
MOLAL	1456	Response	10	20586194	1457	0
MOLAL	1458	Response	10	20598026	3458	0
MOLAL	1460	Response	12	20613095	6697	0
MOLAL	1462	Response	12	20636687	15127	0
MOLAL	1464	Response	10	20647609	2557	0
MOLAL	1466	Response	10	20666934	10884	0
MOLAL	1468	Response	10	20678865	3488	0
MOLAL	1470	Response	8	20707135	8265	0
MOLAL	1474	Response	12	20766018	36991	0
MOLAL	1476	Response	11	20778775	4428	0
MOLAL	1478	Response	11	20787922	746	0
MOLAL	1480	Response	11	20798844	2504	0
MOLAL	1482	Response	12	20813711	6374	0
MOLAL	1484	Response	10	20832329	10163	0
MOLAL	1486	Response	10	20842344	1517	0
MOLAL	1488	Response	10	20852360	1536	0
MOLAL	1490	Response	10	20863081	2427	0
MOLAL	1492	Response	10	20874519	3035	0
MOLAL	1494	Response	6	20897303	2826	0
MOLAL	1498	Response	11	20935177	16040	0
MOLAL	1500	Response	11	20946413	2784	0
MOLAL	1502	Response	12	20957538	2746	0
MOLAL	1504	Response	10	20967353	1398	0
MOLAL	1506	Response	12	20981235	5449	0
MOLAL	1508	Response	11	20994440	4992	0
MOLAL	1510	Response	11	21006063	3119	0
MOLAL	1512	Response	12	21032684	18244	0
MOLAL	1514	Response	12	21059923	18990	0
MOLAL	1516	Response	1	21095335	15081	0
MOLAL	1520	Response	10	21120153	2911	0
MOLAL	1522	Response	10	21142905	14332	0
MOLAL	1524	Response	10	21153424	2192	0
MOLAL	1526	Response	10	21163237	1508	0
MOLAL	1528	Response	11	21179515	7789	0
MOLAL	1530	Response	11	21189025	1137	0
MOLAL	1532	Response	11	21198485	934	0
MOLAL	1534	Response	3	21228900	10022	0
MOLAL	1538	Response	11	21262934	12066	0
MOLAL	1540	Response	12	21283478	12115	0
MOLAL	1542	Response	10	21292948	1092	0
MOLAL	1544	Response	12	21309225	7872	0
MOLAL	1546	Response	12	21328851	11169	0
MOLAL	1548	Response	11	21359702	22360	0
MOLAL	1550	Response	10	21373176	5010	0
MOLAL	1552	Response	10	21382070	408	0
MOLAL	1553	Response	10	21388847	6684	0
MOLAL	1554	Response	10	21393950	3624	0
MOLAL	1556	Response	6	21425173	11355	0
MOLAL	1560	Response	10	21480539	33397	0
MOLAL	1562	Response	10	21497382	8419	0
MOLAL	1564	Response	10	21507700	2075	0
MOLAL	1566	Response	12	21521155	5034	0
MOLAL	1568	Response	10	21530568	951	0
MOLAL	1570	Response	10	21541189	2242	0
MOLAL	1572	Response	10	21552619	3008	0
MOLAL	1574	Response	10	21564169	3228	0
MOLAL	1576	Response	10	21575598	3161	0
MOLAL	1578	Response	10	21599928	15994	0
MOLAL	1579	Response	6	21617741	17479	0
MOLAL	1580	Response	6	21623925	4002	0
MOLAL	1584	Response	10	21708175	62260	0
MOLAL	1586	Response	10	21719401	2841	0
MOLAL	1588	Response	10	21729215	1492	0
MOLAL	1590	Response	10	21740755	3035	0
MOLAL	1592	Response	10	21761492	12275	0
MOLAL	1594	Response	10	21778389	8679	0
MOLAL	1596	Response	10	21788913	2041	0
MOLAL	1598	Response	10	21805144	7775	0
MOLAL	1600	Response	6	21846815	21788	0
MOLAL	1604	Response	12	21895612	27098	0
MOLAL	1606	Response	12	21923089	19086	0
MOLAL	1607	Response	11	21931280	8115	0
MOLAL	1608	Response	11	21935429	4101	0
MOLAL	1610	Response	10	21946150	2325	0
MOLAL	1612	Response	10	21955875	1220	0
MOLAL	1614	Response	10	21964983	665	0
MOLAL	1616	Response	10	21974294	979	0
MOLAL	1618	Response	4	22000109	5801	0
MOLAL	1622	Response	11	22043559	21426	0
MOLAL	1624	Response	12	22054990	3032	0
MOLAL	1626	Response	10	22064100	646	0
MOLAL	1628	Response	11	22073615	996	0
MOLAL	1630	Response	12	22090112	7996	0
MOLAL	1632	Response	12	22130033	31423	0
MOLAL	1634	Response	12	22143077	4645	0
MOLAL	1636	Response	12	22158250	6655	0
MOLAL	1638	Response	10	22170811	4054	0
MOLAL	1640	Response	10	22180122	870	0
MOLAL	1642	Response	4	22277733	77654	0
MOLAL	1646	Response	10	22334983	35267	0
MOLAL	1648	Response	10	22343981	778	0
MOLAL	1650	Response	10	22352788	421	0
MOLAL	1652	Response	10	22374544	13347	0
MOLAL	1654	Response	12	22398829	15805	0
MOLAL	1656	Response	10	22413760	6410	0
MOLAL	1658	Response	11	22422973	961	0
MOLAL	1660	Response	11	22431784	442	0
MOLAL	1662	Response	11	22444117	4111	0
MOLAL	1664	Response	4	22496798	32466	0
MOLAL	1668	Response	11	22521565	2749	0
MOLAL	1670	Response	12	22533002	3189	0
MOLAL	1672	Response	10	22541488	179	0
MOLAL	1674	Response	10	22551809	2003	0
MOLAL	1676	Response	10	22560920	617	0
MOLAL	1678	Response	10	22570232	931	0
MOLAL	1680	Response	10	22580553	1921	0
MOLAL	1682	Response	5	22602847	2389	0
MOLAL	1686	Response	10	22627349	2732	0
MOLAL	1688	Response	12	22647706	12093	0
MOLAL	1690	Response	11	22656402	294	0
MOLAL	1692	Response	12	22668447	3842	0
MOLAL	1694	Response	12	22681490	4556	0
MOLAL	1696	Response	10	22690198	267	0
MOLAL	1698	Response	12	22702032	3437	0
MOLAL	1700	Response	12	22722217	11792	0
MOLAL	1702	Response	12	22743985	13400	0
MOLAL	1704	Response	2	22807128	42887	0
MOLAL	1708	Response	11	22845518	16463	0
MOLAL	1710	Response	12	22861198	7150	0
MOLAL	1712	Response	10	22871820	2111	0
MOLAL	1714	Response	10	22889121	8915	0
MOLAL	1716	Response	10	22897829	294	0
MOLAL	1718	Response	10	22913861	7663	0
MOLAL	1720	Response	10	22929547	7354	0
MOLAL	1722	Response	10	22941091	3069	0
MOLAL	1724	Response	10	22953229	3710	0
MOLAL	1726	Response	10	22974489	12808	0
MOLAL	1728	Response	6	22998149	3645	0
MOLAL	1732	Response	11	23023220	3223	0
MOLAL	1734	Response	12	23040825	9332	0
MOLAL	1736	Response	10	23050944	1622	0
MOLAL	1738	Response	12	23061476	2158	0
MOLAL	1740	Response	11	23073412	3430	0
MOLAL	1742	Response	12	23092539	10728	0
MOLAL	1744	Response	10	23113632	12827	0
MOLAL	1746	Response	10	23123751	1619	0
MOLAL	1748	Response	11	23134374	2245	0
MOLAL	1750	Response	12	23148649	5856	0
MOLAL	1751	Response	1	23168957	20000	0
MOLAL	1752	Response	1	23172800	3682	0
MOLAL	1756	Response	12	23235210	40433	0
MOLAL	1758	Response	10	23247750	4155	0
MOLAL	1760	Response	10	23257063	972	0
MOLAL	1762	Response	10	23275384	9795	0
MOLAL	1764	Response	12	23286220	2637	0
MOLAL	1766	Response	10	23298771	4025	0
MOLAL	1768	Response	10	23310969	3726	0
MOLAL	1770	Response	10	23323206	3800	0
MOLAL	1772	Response	3	23378021	34789	0
MOLAL	1776	Response	11	23408511	8630	0
MOLAL	1778	Response	12	23426381	9504	0
MOLAL	1780	Response	10	23434885	14	0
MOLAL	1782	Response	10	23443985	783	0
MOLAL	1784	Response	10	23452289	90	0
MOLAL	1785	Response	10	23460693	8327	0
MOLAL	1786	Response	10	23464830	4133	0
MOLAL	1788	Response	10	23478086	4894	0
MOLAL	1790	Response	4	23515135	17117	0
MOLAL	1794	Response	12	23543809	6803	0
MOLAL	1796	Response	12	23567712	15377	0
MOLAL	1798	Response	11	23577226	1232	0
MOLAL	1800	Response	11	23588354	2863	0
MOLAL	1802	Response	10	23600188	3367	0
MOLAL	1804	Response	10	23610823	2339	0
MOLAL	1806	Response	10	23621629	2314	0
MOLAL	1808	Response	10	23634342	4364	0
MOLAL	1809	Response	11	23635088	445	0
MOLAL	1810	Response	4	23736323	82019	0
MOLAL	1814	Response	12	23774406	16134	0
MOLAL	1816	Response	12	23794745	11813	0
MOLAL	1818	Response	10	23804462	1370	0
MOLAL	1820	Response	11	23827369	14447	0
MOLAL	1822	Response	10	23838510	2927	0
MOLAL	1824	Response	12	23849941	3029	0
MOLAL	1826	Response	12	23861575	3166	0
MOLAL	1828	Response	11	23870494	422	0
MOLAL	1830	Response	11	23880523	1620	0
MOLAL	1832	Response	11	23889431	532	0
MOLAL	1834	Response	2	23918177	8284	0
MOLAL	1838	Response	10	23942393	2510	0
MOLAL	1840	Response	12	23954139	3258	0
MOLAL	1842	Response	10	23964382	2005	0
MOLAL	1844	Response	10	23973484	610	0
MOLAL	1846	Response	12	23990405	8534	0
MOLAL	1848	Response	12	24002441	3576	0
MOLAL	1850	Response	11	24012460	1598	0
MOLAL	1852	Response	10	24029822	8963	0
MOLAL	1854	Response	11	24043089	4902	0
MOLAL	1856	Response	11	24066487	14971	0
MOLAL	1858	Response	4	24130142	43136	0
MOLAL	1862	Response	11	24154556	2570	0
MOLAL	1864	Response	10	24165583	2601	0
MOLAL	1866	Response	11	24173987	7	0
MOLAL	1868	Response	10	24183500	1023	0
MOLAL	1870	Response	11	24194428	2454	0
MOLAL	1872	Response	10	24206475	3672	0
MOLAL	1874	Response	10	24217262	2295	0
MOLAL	1876	Response	10	24228090	2626	0
MOLAL	1878	Response	10	24240229	3769	0
MOLAL	1880	Response	5	24266207	6087	0
MOLAL	1881	Response	14	25774834	1508383	0
MOLAL	1885	Response	10	25799662	2509	0
MOLAL	1887	Response	12	25811315	3166	0
MOLAL	1889	Response	12	25820405	759	0
MOLAL	1890	Response	11	25828305	7826	0
MOLAL	1891	Response	11	25832412	3769	0
MOLAL	1893	Response	11	25850613	9974	0
MOLAL	1895	Response	12	25860835	1701	0
MOLAL	1897	Response	12	25872892	3596	0
MOLAL	1899	Response	1	25922370	29081	0
MOLAL	1903	Response	11	25952704	8430	0
MOLAL	1905	Response	10	25963126	2190	0
MOLAL	1907	Response	12	25973749	2150	0
MOLAL	1909	Response	11	25984371	2109	0
MOLAL	1911	Response	10	26000454	7695	0
MOLAL	1913	Response	11	26016446	7692	0
MOLAL	1915	Response	12	26036636	11887	0
MOLAL	1917	Response	11	26052630	7553	0
MOLAL	1919	Response	3	26080839	7771	0
MOLAL	1923	Response	10	26106075	3350	0
MOLAL	1925	Response	10	26116601	2046	0
MOLAL	1927	Response	12	26130868	5816	0
MOLAL	1929	Response	10	26144378	4997	0
MOLAL	1931	Response	10	26154083	1206	0
MOLAL	1933	Response	11	26168553	6012	0
MOLAL	1935	Response	12	26186978	9941	0
MOLAL	1937	Response	12	26202983	7619	0
MOLAL	1939	Response	10	26218473	7113	0
MOLAL	1941	Response	10	26228188	1334	0
MOLAL	1943	Response	4	26273862	25681	0
MOLAL	1947	Response	11	26301956	6122	0
MOLAL	1949	Response	12	26335344	25015	0
MOLAL	1951	Response	10	26344698	1045	0
MOLAL	1953	Response	11	26354637	1488	0
MOLAL	1955	Response	11	26366191	3044	0
MOLAL	1957	Response	11	26375384	741	0
MOLAL	1959	Response	2	26398859	3222	0
MOLAL	1963	Response	10	26430971	10342	0
MOLAL	1965	Response	12	26443474	4017	0
MOLAL	1967	Response	11	26469287	17334	0
MOLAL	1969	Response	12	26489632	11854	0
MOLAL	1971	Response	10	26500057	2118	0
MOLAL	1973	Response	10	26511287	2851	0
MOLAL	1975	Response	10	26522126	2360	0
MOLAL	1977	Response	11	26545049	14620	0
MOLAL	1979	Response	10	26556180	2758	0
MOLAL	1981	Response	6	26591982	15900	0
MOLAL	1985	Response	11	26615110	1373	0
MOLAL	1987	Response	10	26643109	19542	0
MOLAL	1989	Response	11	26652412	853	0
MOLAL	1991	Response	10	26664257	3534	0
MOLAL	1993	Response	10	26683488	10769	0
MOLAL	1995	Response	12	26696140	4260	0
MOLAL	1997	Response	10	26714663	10121	0
MOLAL	1999	Response	11	26726104	3067	0
MOLAL	2001	Response	1	26774707	28344	0
MOLAL	2005	Response	10	26799415	2734	0
MOLAL	2007	Response	10	26809747	1903	0
MOLAL	2009	Response	11	26825537	7363	0
MOLAL	2011	Response	10	26838079	4242	0
MOLAL	2013	Response	10	26851893	5560	0
MOLAL	2015	Response	10	26862217	1889	0
MOLAL	2017	Response	12	26904014	33355	0
MOLAL	2019	Response	12	26934883	22404	0
MOLAL	2021	Response	11	26943673	536	0
MOLAL	2023	Response	11	26954933	2799	0
MOLAL	2025	Response	1	26976779	1652	0
MOLAL	2029	Response	10	27001597	2977	0
MOLAL	2031	Response	11	27025386	15270	0
MOLAL	2033	Response	10	27035612	1836	0
MOLAL	2035	Response	12	27050742	6802	0
MOLAL	2037	Response	11	27061771	2503	0
MOLAL	2039	Response	10	27073326	3061	0
MOLAL	2041	Response	12	27102885	21123	0
MOLAL	2043	Response	12	27116439	5186	0
MOLAL	2045	Response	12	27134060	9145	0
MOLAL	2047	Response	1	27177289	22716	0
MOLAL	2051	Response	10	27201837	2612	0
MOLAL	2053	Response	10	27216927	6704	0
MOLAL	2055	Response	10	27248247	23029	0
MOLAL	2057	Response	11	27259389	2681	0
MOLAL	2059	Response	10	27273043	5172	0
MOLAL	2061	Response	12	27300684	19150	0
MOLAL	2063	Response	11	27309595	570	0
MOLAL	2065	Response	10	27325591	7568	0
MOLAL	2067	Response	12	27337327	3309	0
MOLAL	2069	Response	12	27352153	6306	0
MOLAL	2071	Response	2	27389075	16402	0
MOLAL	2075	Response	10	27412994	2166	0
MOLAL	2077	Response	12	27427376	6051	0
MOLAL	2079	Response	10	27452929	17108	0
MOLAL	2081	Response	10	27482690	21377	0
MOLAL	2083	Response	10	27493116	1980	0
MOLAL	2085	Response	10	27502432	799	0
MOLAL	2086	Response	10	27510628	8160	0
MOLAL	2087	Response	10	27515281	4483	0
MOLAL	2089	Response	10	27527362	3736	0
MOLAL	2091	Response	10	27538394	2771	0
MOLAL	2093	Response	7	27567168	8885	0
MOLAL	2097	Response	11	27591322	2215	0
MOLAL	2099	Response	11	27601869	2099	0
MOLAL	2101	Response	12	27630007	19740	0
MOLAL	2103	Response	10	27639726	1301	0
MOLAL	2105	Response	10	27649900	1644	0
MOLAL	2107	Response	10	27659812	1393	0
MOLAL	2109	Response	10	27671045	2795	0
MOLAL	2111	Response	10	27682088	2675	0
MOLAL	2113	Response	7	27723190	21118	0
MOLAL	2116	Response	11	27744175	7445	0
MOLAL	2117	Response	11	27747606	2546	0
MOLAL	2119	Response	11	27757368	1312	0
MOLAL	2121	Response	12	27779050	13330	0
MOLAL	2123	Response	10	27788144	598	0
MOLAL	2125	Response	12	27803640	7096	0
MOLAL	2127	Response	12	27820051	8012	0
MOLAL	2129	Response	1	27848774	8244	0
MOLAL	2133	Response	10	27872754	2233	0
MOLAL	2135	Response	10	27889445	8427	0
MOLAL	2137	Response	10	27898759	912	0
MOLAL	2139	Response	10	27916079	9068	0
MOLAL	2141	Response	12	27941798	17293	0
MOLAL	2143	Response	12	27953992	3829	0
MOLAL	2145	Response	12	27977175	14682	0
MOLAL	2147	Response	10	27992477	6824	0
MOLAL	2149	Response	10	28004416	3601	0
MOLAL	2151	Response	10	28015963	3152	0
MOLAL	2153	Response	6	28088751	52780	0
MOLAL	2157	Response	10	28112076	1461	0
MOLAL	2159	Response	10	28122706	2261	0
MOLAL	2161	Response	10	28135050	3941	0
MOLAL	2163	Response	11	28147204	3765	0
MOLAL	2165	Response	12	28156158	557	0
MOLAL	2166	Response	10	28164062	7793	0
MOLAL	2167	Response	10	28168110	3512	0
MOLAL	2169	Response	10	28177729	1134	0
MOLAL	2171	Response	10	28189166	3074	0
MOLAL	2173	Response	4	28242744	33659	0
MOLAL	2177	Response	10	28267128	2393	0
MOLAL	2179	Response	10	28294977	19579	0
MOLAL	2181	Response	11	28311575	8185	0
MOLAL	2183	Response	10	28326655	6604	0
MOLAL	2185	Response	10	28337487	2441	0
MOLAL	2187	Response	12	28350047	4337	0
MOLAL	2189	Response	10	28360413	1873	0
MOLAL	2191	Response	4	28403304	22937	0
MOLAL	2195	Response	11	28428246	3060	0
MOLAL	2197	Response	10	28441407	4725	0
MOLAL	2199	Response	12	28452541	2696	0
MOLAL	2201	Response	10	28462109	1101	0
MOLAL	2203	Response	10	28473546	3041	0
MOLAL	2205	Response	10	28498068	16066	0
MOLAL	2207	Response	10	28520132	13637	0
MOLAL	2209	Response	4	28574845	34694	0
MOLAL	2213	Response	10	28607185	10385	0
MOLAL	2215	Response	11	28625213	9585	0
MOLAL	2217	Response	12	28642533	8910	0
MOLAL	2219	Response	12	28674972	24188	0
MOLAL	2221	Response	11	28691375	7934	0
MOLAL	2223	Response	11	28701196	1594	0
MOLAL	2225	Response	11	28711219	1619	0
MOLAL	2227	Response	12	28726299	6703	0
MOLAL	2229	Response	10	28737348	2756	0
MOLAL	2231	Response	12	28761482	15893	0
MOLAL	2233	Response	1	28812594	30683	0
MOLAL	2237	Response	10	28836415	2020	0
MOLAL	2239	Response	12	28849489	4597	0
MOLAL	2241	Response	10	28858281	394	0
MOLAL	2243	Response	12	28874382	7664	0
MOLAL	2245	Response	12	28908089	25209	0
MOLAL	2247	Response	10	28952552	36015	0
MOLAL	2249	Response	10	28962613	1590	0
MOLAL	2251	Response	10	28973443	2424	0
MOLAL	2253	Response	10	28995306	13623	0
MOLAL	2255	Response	10	29006642	2965	0
MOLAL	2257	Response	5	29030100	3597	0
MOLAL	2261	Response	11	29056864	4869	0
MOLAL	2263	Response	10	29076358	11033	0
MOLAL	2265	Response	11	29085262	444	0
MOLAL	2267	Response	10	29097821	4338	0
MOLAL	2269	Response	10	29116760	10448	0
MOLAL	2271	Response	11	29126278	1305	0
MOLAL	2273	Response	12	29138018	3215	0
MOLAL	2275	Response	10	29147941	1475	0
MOLAL	2277	Response	10	29159782	3319	0
MOLAL	2279	Response	10	29170462	2169	0
MOLAL	2281	Response	6	29192012	1559	0
MOLAL	2285	Response	12	29228599	14820	0
MOLAL	2287	Response	12	29246110	9005	0
MOLAL	2289	Response	11	29255628	1028	0
MOLAL	2291	Response	10	29266097	1999	0
MOLAL	2293	Response	10	29275513	919	0
MOLAL	2295	Response	10	29286646	2721	0
MOLAL	2297	Response	10	29297587	2499	0
MOLAL	2299	Response	10	29308922	2837	0
MOLAL	2301	Response	12	29326133	8718	0
MOLAL	2303	Response	11	29335146	570	0
MOLAL	2305	Response	7	29359614	4211	0

The following output port codes were not sent because of a conflict on the port.
Port	Code	Time(ms)
1	2	727762
1	2	757836
1	2	786244
1	2	811670
1	2	838012
1	2	861738
1	2	884331
1	2	906291
1	2	924752
1	2	943197
1	2	964590
1	2	983518
1	2	1.00628e+06
1	2	1.02577e+06
1	2	1.04826e+06
1	2	1.06829e+06
1	2	1.09095e+06
1	2	1.10698e+06
1	2	1.13349e+06
1	2	1.15143e+06
1	2	1.17947e+06
1	2	1.20158e+06
1	2	1.22593e+06
1	2	1.24517e+06
1	2	1.26548e+06
1	2	1.27936e+06
1	2	1.30095e+06
1	2	1.32097e+06
1	2	1.34158e+06
1	2	1.36125e+06
1	2	1.38288e+06
1	2	1.39759e+06
1	2	1.41859e+06
1	2	1.44141e+06
1	2	1.46159e+06
1	2	1.482e+06
1	2	1.4933e+06
1	2	1.50649e+06
1	2	1.52589e+06
1	2	1.5466e+06
1	2	1.67109e+06
1	2	1.6903e+06
1	2	1.70775e+06
1	2	1.73057e+06
1	2	1.7447e+06
1	2	1.76641e+06
1	2	1.79142e+06
1	2	1.81248e+06
1	2	1.82703e+06
1	2	1.84409e+06
1	2	1.86505e+06
1	2	1.88169e+06
1	2	1.90385e+06
1	2	1.92215e+06
1	2	1.93776e+06
1	2	1.95857e+06
1	2	1.97585e+06
1	2	1.99739e+06
1	2	2.02024e+06
1	2	2.03531e+06
1	2	2.05176e+06
1	2	2.07072e+06
1	2	2.08975e+06
1	2	2.10954e+06
1	2	2.1229e+06
1	2	2.14253e+06
1	2	2.16241e+06
1	2	2.18469e+06
1	2	2.20003e+06
1	2	2.22779e+06
1	2	2.2497e+06
1	2	2.2603e+06
1	2	2.28072e+06
1	2	2.29983e+06
1	2	2.3173e+06
1	2	2.33782e+06
1	2	2.35152e+06
1	2	2.37364e+06
1	2	2.39182e+06
1	2	2.41303e+06
1	2	2.5775e+06
1	2	2.59224e+06
1	2	2.60809e+06
1	2	2.6274e+06
1	2	2.6399e+06
1	2	2.65921e+06
1	2	2.67749e+06
1	2	2.6977e+06
1	2	2.71774e+06
1	2	2.73892e+06
1	2	2.75673e+06
1	2	2.77232e+06
1	2	2.78489e+06
1	2	2.80888e+06
1	2	2.82429e+06
1	2	2.84034e+06
1	2	2.8575e+06
1	2	2.88127e+06
1	2	2.90302e+06
1	2	2.91921e+06
1	2	2.93597e+06


{
   "app": "Presentation Version 20.3 Build 02.25.19",
   "device": "Hewlett-Packard HP ZBook 15",
   "experiment": "{3ECC71AB-1653-452F-BE5A-02DFC2A8E2C3}",
   "os": "Windows 7 64 bit",
   "package": "",
   "parameters": {
      "configuration": "Default configuration"
   },
   "scenario": "EEGetMouvementSimple.sce",
   "subject": "MOLAL",
   "timestamp": "2021/05/07 09:29:13 GMT"
}
